app/build/intermediates/manifest_merge_blame_file/debug/manifest-merger-blame-debug-report.txt
1<?xml version="1.0" encoding="utf-8"?>
2<manifest xmlns:android="http://schemas.android.com/apk/res/android"
3    package="com.example.tutronapp"
4    android:versionCode="1"
5    android:versionName="1.0" >
6
7    <uses-sdk
8        android:minSdkVersion="24"
8-->src/main/AndroidManifest.xml
9        android:targetSdkVersion="33" />
9-->src/main/AndroidManifest.xml
10
11    <queries>
11-->[androidx.test:runner:1.4.0] AndroidManifest.xml:24:5-28:15
12        <package android:name="androidx.test.orchestrator" />
12-->[androidx.test:runner:1.4.0] AndroidManifest.xml:25:9-62
12-->[androidx.test:runner:1.4.0] AndroidManifest.xml:25:18-59
13        <package android:name="androidx.test.services" />
13-->[androidx.test:runner:1.4.0] AndroidManifest.xml:26:9-58
13-->[androidx.test:runner:1.4.0] AndroidManifest.xml:26:18-55
14        <package android:name="com.google.android.apps.common.testing.services" />
14-->[androidx.test:runner:1.4.0] AndroidManifest.xml:27:9-83
14-->[androidx.test:runner:1.4.0] AndroidManifest.xml:27:18-80
15    </queries> <!-- Although the *SdkVersion is captured in gradle build files, this is required for non gradle builds -->
16    <!-- <uses-sdk android:minSdkVersion="14"/> -->
17    <uses-permission android:name="android.permission.ACCESS_NETWORK_STATE" />
17-->[com.google.firebase:firebase-database:20.2.2] AndroidManifest.xml:24:5-79
17-->[com.google.firebase:firebase-database:20.2.2] AndroidManifest.xml:24:22-76
18    <uses-permission android:name="android.permission.INTERNET" />
18-->[com.google.firebase:firebase-database:20.2.2] AndroidManifest.xml:25:5-67
18-->[com.google.firebase:firebase-database:20.2.2] AndroidManifest.xml:25:22-64
19
20    <permission
20-->[androidx.core:core:1.9.0] AndroidManifest.xml:22:5-24:47
21        android:name="com.example.tutronapp.DYNAMIC_RECEIVER_NOT_EXPORTED_PERMISSION"
21-->[androidx.core:core:1.9.0] AndroidManifest.xml:23:9-81
22        android:protectionLevel="signature" />
22-->[androidx.core:core:1.9.0] AndroidManifest.xml:24:9-44
23
24    <uses-permission android:name="com.example.tutronapp.DYNAMIC_RECEIVER_NOT_EXPORTED_PERMISSION" />
24-->[androidx.core:core:1.9.0] AndroidManifest.xml:26:5-97
24-->[androidx.core:core:1.9.0] AndroidManifest.xml:26:22-94
25
26    <application
26-->src/main/AndroidManifest.xml:5:5-57:19
27        android:allowBackup="true"
27-->src/main/AndroidManifest.xml:6:9-35
28        android:appComponentFactory="androidx.core.app.CoreComponentFactory"
28-->[androidx.core:core:1.9.0] AndroidManifest.xml:28:18-86
29        android:dataExtractionRules="@xml/data_extraction_rules"
29-->src/main/AndroidManifest.xml:7:9-65
30        android:debuggable="true"
31        android:extractNativeLibs="false"
32        android:fullBackupContent="@xml/backup_rules"
32-->src/main/AndroidManifest.xml:8:9-54
33        android:icon="@mipmap/ic_launcher"
33-->src/main/AndroidManifest.xml:9:9-43
34        android:label="@string/app_name"
34-->src/main/AndroidManifest.xml:10:9-41
35        android:roundIcon="@mipmap/ic_launcher_round"
35-->src/main/AndroidManifest.xml:11:9-54
36        android:supportsRtl="true"
36-->src/main/AndroidManifest.xml:12:9-35
37        android:theme="@style/Theme.TutronApp" >
37-->src/main/AndroidManifest.xml:13:9-47
38        <activity
38-->src/main/AndroidManifest.xml:15:9-17:40
39            android:name="com.example.tutronapp.ManageComplaintsActivity"
39-->src/main/AndroidManifest.xml:16:13-53
40            android:exported="false" />
40-->src/main/AndroidManifest.xml:17:13-37
41        <activity
41-->src/main/AndroidManifest.xml:19:9-27:20
42            android:name="com.example.tutronapp.StudentInfoActivity"
42-->src/main/AndroidManifest.xml:20:13-48
43            android:exported="true" >
43-->src/main/AndroidManifest.xml:21:13-36
44            <intent-filter>
44-->src/main/AndroidManifest.xml:22:13-26:29
45                <action android:name="android.intent.action.STUDENT_INFO" />
45-->src/main/AndroidManifest.xml:23:17-77
45-->src/main/AndroidManifest.xml:23:25-74
46
47                <category android:name="android.intent.category.DEFAULT" />
47-->src/main/AndroidManifest.xml:25:17-76
47-->src/main/AndroidManifest.xml:25:27-73
48            </intent-filter>
49        </activity>
50        <activity
50-->src/main/AndroidManifest.xml:28:9-36:20
51            android:name="com.example.tutronapp.TutorInfoActivity"
51-->src/main/AndroidManifest.xml:29:13-46
52            android:exported="true" >
52-->src/main/AndroidManifest.xml:30:13-36
53            <intent-filter>
53-->src/main/AndroidManifest.xml:31:13-35:29
54                <action android:name="android.intent.action.TUTOR_INFO" />
54-->src/main/AndroidManifest.xml:32:17-75
54-->src/main/AndroidManifest.xml:32:25-72
55
56                <category android:name="android.intent.category.DEFAULT" />
56-->src/main/AndroidManifest.xml:25:17-76
56-->src/main/AndroidManifest.xml:25:27-73
57            </intent-filter>
58        </activity>
59        <activity
59-->src/main/AndroidManifest.xml:37:9-39:40
60            android:name="com.example.tutronapp.WelcomeActivity"
60-->src/main/AndroidManifest.xml:38:13-44
61            android:exported="false" />
61-->src/main/AndroidManifest.xml:39:13-37
62        <activity
62-->src/main/AndroidManifest.xml:40:9-48:20
63            android:name="com.example.tutronapp.MainActivity"
63-->src/main/AndroidManifest.xml:41:13-41
64            android:exported="true" >
64-->src/main/AndroidManifest.xml:42:13-36
65            <intent-filter>
65-->src/main/AndroidManifest.xml:43:13-47:29
66                <action android:name="android.intent.action.MAIN" />
66-->src/main/AndroidManifest.xml:44:17-69
66-->src/main/AndroidManifest.xml:44:25-66
67
68                <category android:name="android.intent.category.LAUNCHER" />
68-->src/main/AndroidManifest.xml:46:17-77
68-->src/main/AndroidManifest.xml:46:27-74
69            </intent-filter>
70        </activity>
71        <activity
71-->src/main/AndroidManifest.xml:49:9-52:37
72            android:name="com.example.tutronapp.LoginActivity"
72-->src/main/AndroidManifest.xml:50:13-42
73            android:exported="true"
73-->src/main/AndroidManifest.xml:51:13-36
74            android:label="Login" />
74-->src/main/AndroidManifest.xml:52:13-34
75        <activity
75-->src/main/AndroidManifest.xml:53:9-56:38
76            android:name="com.example.tutronapp.SignupActivity"
76-->src/main/AndroidManifest.xml:54:13-43
77            android:exported="true"
77-->src/main/AndroidManifest.xml:55:13-36
78            android:label="Signup" />
78-->src/main/AndroidManifest.xml:56:13-35
79
80        <service
80-->[com.google.firebase:firebase-database:20.2.2] AndroidManifest.xml:28:9-34:19
81            android:name="com.google.firebase.components.ComponentDiscoveryService"
81-->[com.google.firebase:firebase-database:20.2.2] AndroidManifest.xml:29:13-84
82            android:directBootAware="true"
82-->[com.google.firebase:firebase-common:20.3.2] AndroidManifest.xml:34:13-43
83            android:exported="false" >
83-->[com.google.firebase:firebase-database:20.2.2] AndroidManifest.xml:30:13-37
84            <meta-data
84-->[com.google.firebase:firebase-database:20.2.2] AndroidManifest.xml:31:13-33:85
85                android:name="com.google.firebase.components:com.google.firebase.database.DatabaseRegistrar"
85-->[com.google.firebase:firebase-database:20.2.2] AndroidManifest.xml:32:17-109
86                android:value="com.google.firebase.components.ComponentRegistrar" />
86-->[com.google.firebase:firebase-database:20.2.2] AndroidManifest.xml:33:17-82
87        </service>
88
89        <provider
89-->[com.google.firebase:firebase-common:20.3.2] AndroidManifest.xml:25:9-30:39
90            android:name="com.google.firebase.provider.FirebaseInitProvider"
90-->[com.google.firebase:firebase-common:20.3.2] AndroidManifest.xml:26:13-77
91            android:authorities="com.example.tutronapp.firebaseinitprovider"
91-->[com.google.firebase:firebase-common:20.3.2] AndroidManifest.xml:27:13-72
92            android:directBootAware="true"
92-->[com.google.firebase:firebase-common:20.3.2] AndroidManifest.xml:28:13-43
93            android:exported="false"
93-->[com.google.firebase:firebase-common:20.3.2] AndroidManifest.xml:29:13-37
94            android:initOrder="100" />
94-->[com.google.firebase:firebase-common:20.3.2] AndroidManifest.xml:30:13-36
95
96        <activity
96-->[com.google.android.gms:play-services-base:18.1.0] AndroidManifest.xml:20:9-22:45
97            android:name="com.google.android.gms.common.api.GoogleApiActivity"
97-->[com.google.android.gms:play-services-base:18.1.0] AndroidManifest.xml:20:19-85
98            android:exported="false"
98-->[com.google.android.gms:play-services-base:18.1.0] AndroidManifest.xml:22:19-43
99            android:theme="@android:style/Theme.Translucent.NoTitleBar" />
99-->[com.google.android.gms:play-services-base:18.1.0] AndroidManifest.xml:21:19-78
100
101        <meta-data
101-->[com.google.android.gms:play-services-basement:18.1.0] AndroidManifest.xml:21:9-23:69
102            android:name="com.google.android.gms.version"
102-->[com.google.android.gms:play-services-basement:18.1.0] AndroidManifest.xml:22:13-58
103            android:value="@integer/google_play_services_version" />
103-->[com.google.android.gms:play-services-basement:18.1.0] AndroidManifest.xml:23:13-66
104
105        <provider
105-->[androidx.emoji2:emoji2:1.2.0] AndroidManifest.xml:24:9-32:20
106            android:name="androidx.startup.InitializationProvider"
106-->[androidx.emoji2:emoji2:1.2.0] AndroidManifest.xml:25:13-67
107            android:authorities="com.example.tutronapp.androidx-startup"
107-->[androidx.emoji2:emoji2:1.2.0] AndroidManifest.xml:26:13-68
108            android:exported="false" >
108-->[androidx.emoji2:emoji2:1.2.0] AndroidManifest.xml:27:13-37
109            <meta-data
109-->[androidx.emoji2:emoji2:1.2.0] AndroidManifest.xml:29:13-31:52
110                android:name="androidx.emoji2.text.EmojiCompatInitializer"
110-->[androidx.emoji2:emoji2:1.2.0] AndroidManifest.xml:30:17-75
111                android:value="androidx.startup" />
111-->[androidx.emoji2:emoji2:1.2.0] AndroidManifest.xml:31:17-49
112            <meta-data
112-->[androidx.lifecycle:lifecycle-process:2.4.1] AndroidManifest.xml:31:13-33:52
113                android:name="androidx.lifecycle.ProcessLifecycleInitializer"
113-->[androidx.lifecycle:lifecycle-process:2.4.1] AndroidManifest.xml:32:17-78
114                android:value="androidx.startup" />
114-->[androidx.lifecycle:lifecycle-process:2.4.1] AndroidManifest.xml:33:17-49
115        </provider>
116    </application>
117
118</manifest>